app/build/intermediates/manifest_merge_blame_file/debug/processDebugMainManifest/manifest-merger-blame-debug-report.txt
1<?xml version="1.0" encoding="utf-8"?>
2<manifest xmlns:android="http://schemas.android.com/apk/res/android"
3    package="applock.app"
4    android:versionCode="1"
5    android:versionName="1.0.0" >
6
7    <uses-sdk
8        android:minSdkVersion="26"
9        android:targetSdkVersion="36" />
10
11    <uses-permission android:name="android.permission.USE_BIOMETRIC" />
11-->src\main\AndroidManifest.xml:3:5-72
11-->src\main\AndroidManifest.xml:3:22-69
12    <uses-permission android:name="android.permission.RECEIVE_BOOT_COMPLETED" />
12-->src\main\AndroidManifest.xml:4:5-81
12-->src\main\AndroidManifest.xml:4:22-78
13    <uses-permission android:name="android.permission.INTERNET" />
13-->src\main\AndroidManifest.xml:5:5-67
13-->src\main\AndroidManifest.xml:5:22-64
14    <!-- suppress DeprecatedClassUsageInspection -->
15    <uses-permission android:name="android.permission.USE_FINGERPRINT" />
15-->[androidx.biometric:biometric:1.1.0] AndroidManifest.xml:27:5-74
15-->[androidx.biometric:biometric:1.1.0] AndroidManifest.xml:27:22-71
16    <uses-permission android:name="android.permission.ACCESS_NETWORK_STATE" />
16-->[com.google.android.gms:play-services-ads-api:24.6.0] AndroidManifest.xml:25:5-79
16-->[com.google.android.gms:play-services-ads-api:24.6.0] AndroidManifest.xml:25:22-76
17    <uses-permission android:name="com.google.android.gms.permission.AD_ID" />
17-->[com.google.android.gms:play-services-ads-api:24.6.0] AndroidManifest.xml:26:5-79
17-->[com.google.android.gms:play-services-ads-api:24.6.0] AndroidManifest.xml:26:22-76
18    <uses-permission android:name="android.permission.ACCESS_ADSERVICES_AD_ID" />
18-->[com.google.android.gms:play-services-ads-api:24.6.0] AndroidManifest.xml:27:5-82
18-->[com.google.android.gms:play-services-ads-api:24.6.0] AndroidManifest.xml:27:22-79
19    <uses-permission android:name="android.permission.ACCESS_ADSERVICES_ATTRIBUTION" />
19-->[com.google.android.gms:play-services-ads-api:24.6.0] AndroidManifest.xml:28:5-88
19-->[com.google.android.gms:play-services-ads-api:24.6.0] AndroidManifest.xml:28:22-85
20    <uses-permission android:name="android.permission.ACCESS_ADSERVICES_TOPICS" /> <!-- Android package visibility setting -->
20-->[com.google.android.gms:play-services-ads-api:24.6.0] AndroidManifest.xml:29:5-83
20-->[com.google.android.gms:play-services-ads-api:24.6.0] AndroidManifest.xml:29:22-80
21    <queries>
21-->[com.google.android.gms:play-services-ads-api:24.6.0] AndroidManifest.xml:35:5-68:15
22
23        <!-- For browser content -->
24        <intent>
24-->[com.google.android.gms:play-services-ads-api:24.6.0] AndroidManifest.xml:38:9-44:18
25            <action android:name="android.intent.action.VIEW" />
25-->[com.google.android.gms:play-services-ads-api:24.6.0] AndroidManifest.xml:39:13-65
25-->[com.google.android.gms:play-services-ads-api:24.6.0] AndroidManifest.xml:39:21-62
26
27            <category android:name="android.intent.category.BROWSABLE" />
27-->[com.google.android.gms:play-services-ads-api:24.6.0] AndroidManifest.xml:41:13-74
27-->[com.google.android.gms:play-services-ads-api:24.6.0] AndroidManifest.xml:41:23-71
28
29            <data android:scheme="https" />
29-->[com.google.android.gms:play-services-ads-api:24.6.0] AndroidManifest.xml:43:13-44
29-->[com.google.android.gms:play-services-ads-api:24.6.0] AndroidManifest.xml:43:19-41
30        </intent>
31        <!-- End of browser content -->
32        <!-- For CustomTabsService -->
33        <intent>
33-->[com.google.android.gms:play-services-ads-api:24.6.0] AndroidManifest.xml:47:9-49:18
34            <action android:name="android.support.customtabs.action.CustomTabsService" />
34-->[com.google.android.gms:play-services-ads-api:24.6.0] AndroidManifest.xml:48:13-90
34-->[com.google.android.gms:play-services-ads-api:24.6.0] AndroidManifest.xml:48:21-87
35        </intent>
36        <!-- End of CustomTabsService -->
37        <!-- For MRAID capabilities -->
38        <intent>
38-->[com.google.android.gms:play-services-ads-api:24.6.0] AndroidManifest.xml:52:9-56:18
39            <action android:name="android.intent.action.INSERT" />
39-->[com.google.android.gms:play-services-ads-api:24.6.0] AndroidManifest.xml:53:13-67
39-->[com.google.android.gms:play-services-ads-api:24.6.0] AndroidManifest.xml:53:21-64
40
41            <data android:mimeType="vnd.android.cursor.dir/event" />
41-->[com.google.android.gms:play-services-ads-api:24.6.0] AndroidManifest.xml:43:13-44
42        </intent>
43        <intent>
43-->[com.google.android.gms:play-services-ads-api:24.6.0] AndroidManifest.xml:57:9-61:18
44            <action android:name="android.intent.action.VIEW" />
44-->[com.google.android.gms:play-services-ads-api:24.6.0] AndroidManifest.xml:39:13-65
44-->[com.google.android.gms:play-services-ads-api:24.6.0] AndroidManifest.xml:39:21-62
45
46            <data android:scheme="sms" />
46-->[com.google.android.gms:play-services-ads-api:24.6.0] AndroidManifest.xml:43:13-44
46-->[com.google.android.gms:play-services-ads-api:24.6.0] AndroidManifest.xml:43:19-41
47        </intent>
48        <intent>
48-->[com.google.android.gms:play-services-ads-api:24.6.0] AndroidManifest.xml:62:9-66:18
49            <action android:name="android.intent.action.DIAL" />
49-->[com.google.android.gms:play-services-ads-api:24.6.0] AndroidManifest.xml:63:13-65
49-->[com.google.android.gms:play-services-ads-api:24.6.0] AndroidManifest.xml:63:21-62
50
51            <data android:path="tel:" />
51-->[com.google.android.gms:play-services-ads-api:24.6.0] AndroidManifest.xml:43:13-44
52        </intent>
53        <!-- End of MRAID capabilities -->
54        <intent>
54-->[com.android.billingclient:billing:7.1.1] AndroidManifest.xml:13:9-15:18
55            <action android:name="com.android.vending.billing.InAppBillingService.BIND" />
55-->[com.android.billingclient:billing:7.1.1] AndroidManifest.xml:14:13-91
55-->[com.android.billingclient:billing:7.1.1] AndroidManifest.xml:14:21-88
56        </intent>
57        <intent>
57-->[com.android.billingclient:billing:7.1.1] AndroidManifest.xml:16:9-18:18
58            <action android:name="com.google.android.apps.play.billingtestcompanion.BillingOverrideService.BIND" />
58-->[com.android.billingclient:billing:7.1.1] AndroidManifest.xml:17:13-116
58-->[com.android.billingclient:billing:7.1.1] AndroidManifest.xml:17:21-113
59        </intent>
60    </queries>
61
62    <uses-permission android:name="com.android.vending.BILLING" />
62-->[com.android.billingclient:billing-ktx:7.1.1] AndroidManifest.xml:9:5-67
62-->[com.android.billingclient:billing-ktx:7.1.1] AndroidManifest.xml:9:22-64
63    <uses-permission android:name="android.permission.WAKE_LOCK" />
63-->[com.google.android.gms:play-services-measurement-sdk-api:20.1.2] AndroidManifest.xml:25:5-68
63-->[com.google.android.gms:play-services-measurement-sdk-api:20.1.2] AndroidManifest.xml:25:22-65
64    <uses-permission android:name="android.permission.FOREGROUND_SERVICE" />
64-->[androidx.work:work-runtime:2.7.0] AndroidManifest.xml:28:5-77
64-->[androidx.work:work-runtime:2.7.0] AndroidManifest.xml:28:22-74
65
66    <permission
66-->[androidx.core:core:1.16.0] AndroidManifest.xml:22:5-24:47
67        android:name="applock.app.DYNAMIC_RECEIVER_NOT_EXPORTED_PERMISSION"
67-->[androidx.core:core:1.16.0] AndroidManifest.xml:23:9-81
68        android:protectionLevel="signature" />
68-->[androidx.core:core:1.16.0] AndroidManifest.xml:24:9-44
69
70    <uses-permission android:name="applock.app.DYNAMIC_RECEIVER_NOT_EXPORTED_PERMISSION" />
70-->[androidx.core:core:1.16.0] AndroidManifest.xml:26:5-97
70-->[androidx.core:core:1.16.0] AndroidManifest.xml:26:22-94
71
72    <application
72-->src\main\AndroidManifest.xml:7:5-85:19
73        android:name="applock.app.AppLockApplication"
73-->src\main\AndroidManifest.xml:8:9-43
74        android:allowBackup="false"
74-->src\main\AndroidManifest.xml:9:9-36
75        android:appComponentFactory="androidx.core.app.CoreComponentFactory"
75-->[androidx.core:core:1.16.0] AndroidManifest.xml:28:18-86
76        android:dataExtractionRules="@xml/data_extraction_rules"
76-->src\main\AndroidManifest.xml:11:9-65
77        android:debuggable="true"
78        android:extractNativeLibs="false"
79        android:fullBackupContent="false"
79-->src\main\AndroidManifest.xml:10:9-42
80        android:icon="@drawable/ic_app_lock"
80-->src\main\AndroidManifest.xml:13:9-45
81        android:label="@string/app_name"
81-->src\main\AndroidManifest.xml:12:9-41
82        android:supportsRtl="true"
82-->src\main\AndroidManifest.xml:14:9-35
83        android:testOnly="true"
84        android:theme="@style/Theme.AppLock"
84-->src\main\AndroidManifest.xml:15:9-45
85        android:usesCleartextTraffic="false" >
85-->src\main\AndroidManifest.xml:16:9-45
86        <activity
86-->src\main\AndroidManifest.xml:18:9-26:41
87            android:name="applock.app.ui.lock.LockActivity"
87-->src\main\AndroidManifest.xml:19:13-49
88            android:excludeFromRecents="true"
88-->src\main\AndroidManifest.xml:20:13-46
89            android:exported="false"
89-->src\main\AndroidManifest.xml:21:13-37
90            android:launchMode="singleTop"
90-->src\main\AndroidManifest.xml:22:13-43
91            android:noHistory="false"
91-->src\main\AndroidManifest.xml:26:13-38
92            android:screenOrientation="portrait"
92-->src\main\AndroidManifest.xml:23:13-49
93            android:showWhenLocked="true"
93-->src\main\AndroidManifest.xml:24:13-42
94            android:turnScreenOn="true" />
94-->src\main\AndroidManifest.xml:25:13-40
95        <activity
95-->src\main\AndroidManifest.xml:28:9-35:43
96            android:name="applock.app.ui.lock.SecurityGateActivity"
96-->src\main\AndroidManifest.xml:29:13-57
97            android:excludeFromRecents="true"
97-->src\main\AndroidManifest.xml:30:13-46
98            android:exported="false"
98-->src\main\AndroidManifest.xml:31:13-37
99            android:launchMode="singleTop"
99-->src\main\AndroidManifest.xml:32:13-43
100            android:screenOrientation="portrait"
100-->src\main\AndroidManifest.xml:33:13-49
101            android:showWhenLocked="true"
101-->src\main\AndroidManifest.xml:34:13-42
102            android:turnScreenOn="true" />
102-->src\main\AndroidManifest.xml:35:13-40
103        <activity
103-->src\main\AndroidManifest.xml:37:9-45:20
104            android:name="applock.app.MainActivity"
104-->src\main\AndroidManifest.xml:38:13-41
105            android:exported="true"
105-->src\main\AndroidManifest.xml:39:13-36
106            android:screenOrientation="unspecified" >
106-->src\main\AndroidManifest.xml:40:13-52
107            <intent-filter>
107-->src\main\AndroidManifest.xml:41:13-44:29
108                <action android:name="android.intent.action.MAIN" />
108-->src\main\AndroidManifest.xml:42:17-69
108-->src\main\AndroidManifest.xml:42:25-66
109
110                <category android:name="android.intent.category.LAUNCHER" />
110-->src\main\AndroidManifest.xml:43:17-77
110-->src\main\AndroidManifest.xml:43:27-74
111            </intent-filter>
112        </activity>
113
114        <service
114-->src\main\AndroidManifest.xml:47:9-58:19
115            android:name="applock.app.service.AppDetectionAccessibilityService"
115-->src\main\AndroidManifest.xml:48:13-69
116            android:exported="false"
116-->src\main\AndroidManifest.xml:49:13-37
117            android:label="@string/accessibility_service_label"
117-->src\main\AndroidManifest.xml:50:13-64
118            android:permission="android.permission.BIND_ACCESSIBILITY_SERVICE" >
118-->src\main\AndroidManifest.xml:51:13-79
119            <intent-filter>
119-->src\main\AndroidManifest.xml:52:13-54:29
120                <action android:name="android.accessibilityservice.AccessibilityService" />
120-->src\main\AndroidManifest.xml:53:17-92
120-->src\main\AndroidManifest.xml:53:25-89
121            </intent-filter>
122
123            <meta-data
123-->src\main\AndroidManifest.xml:55:13-57:72
124                android:name="android.accessibilityservice"
124-->src\main\AndroidManifest.xml:56:17-60
125                android:resource="@xml/accessibility_service_config" />
125-->src\main\AndroidManifest.xml:57:17-69
126        </service>
127
128        <receiver
128-->src\main\AndroidManifest.xml:60:9-66:20
129            android:name="applock.app.boot.BootReceiver"
129-->src\main\AndroidManifest.xml:61:13-46
130            android:exported="true" >
130-->src\main\AndroidManifest.xml:62:13-36
131            <intent-filter>
131-->src\main\AndroidManifest.xml:63:13-65:29
132                <action android:name="android.intent.action.BOOT_COMPLETED" />
132-->src\main\AndroidManifest.xml:64:17-79
132-->src\main\AndroidManifest.xml:64:25-76
133            </intent-filter>
134        </receiver>
135        <receiver
135-->src\main\AndroidManifest.xml:68:9-80:20
136            android:name="applock.app.security.AppLockDeviceAdminReceiver"
136-->src\main\AndroidManifest.xml:69:13-64
137            android:description="@string/device_admin_description"
137-->src\main\AndroidManifest.xml:70:13-67
138            android:exported="true"
138-->src\main\AndroidManifest.xml:71:13-36
139            android:label="@string/app_name"
139-->src\main\AndroidManifest.xml:72:13-45
140            android:permission="android.permission.BIND_DEVICE_ADMIN" >
140-->src\main\AndroidManifest.xml:73:13-70
141            <meta-data
141-->src\main\AndroidManifest.xml:74:13-76:65
142                android:name="android.app.device_admin"
142-->src\main\AndroidManifest.xml:75:17-56
143                android:resource="@xml/app_lock_device_admin" />
143-->src\main\AndroidManifest.xml:76:17-62
144
145            <intent-filter>
145-->src\main\AndroidManifest.xml:77:13-79:29
146                <action android:name="android.app.action.DEVICE_ADMIN_ENABLED" />
146-->src\main\AndroidManifest.xml:78:17-82
146-->src\main\AndroidManifest.xml:78:25-79
147            </intent-filter>
148        </receiver>
149
150        <meta-data
150-->src\main\AndroidManifest.xml:82:9-84:70
151            android:name="com.google.android.gms.ads.APPLICATION_ID"
151-->src\main\AndroidManifest.xml:83:13-69
152            android:value="ca-app-pub-1267608571294570~6976756241" />
152-->src\main\AndroidManifest.xml:84:13-67
153        <!-- Include the AdActivity and InAppPurchaseActivity configChanges and themes. -->
154        <activity
154-->[com.google.android.gms:play-services-ads-api:24.6.0] AndroidManifest.xml:73:9-79:43
155            android:name="com.google.android.gms.ads.AdActivity"
155-->[com.google.android.gms:play-services-ads-api:24.6.0] AndroidManifest.xml:74:13-65
156            android:configChanges="keyboard|keyboardHidden|orientation|screenLayout|uiMode|screenSize|smallestScreenSize"
156-->[com.google.android.gms:play-services-ads-api:24.6.0] AndroidManifest.xml:75:13-122
157            android:enableOnBackInvokedCallback="false"
157-->[com.google.android.gms:play-services-ads-api:24.6.0] AndroidManifest.xml:76:13-56
158            android:exported="false"
158-->[com.google.android.gms:play-services-ads-api:24.6.0] AndroidManifest.xml:77:13-37
159            android:theme="@android:style/Theme.Translucent" />
159-->[com.google.android.gms:play-services-ads-api:24.6.0] AndroidManifest.xml:78:13-61
160
161        <provider
161-->[com.google.android.gms:play-services-ads-api:24.6.0] AndroidManifest.xml:81:9-86:43
162            android:name="com.google.android.gms.ads.MobileAdsInitProvider"
162-->[com.google.android.gms:play-services-ads-api:24.6.0] AndroidManifest.xml:82:13-76
163            android:authorities="applock.app.mobileadsinitprovider"
163-->[com.google.android.gms:play-services-ads-api:24.6.0] AndroidManifest.xml:83:13-73
164            android:exported="false"
164-->[com.google.android.gms:play-services-ads-api:24.6.0] AndroidManifest.xml:84:13-37
165            android:initOrder="100" />
165-->[com.google.android.gms:play-services-ads-api:24.6.0] AndroidManifest.xml:85:13-36
166
167        <service
167-->[com.google.android.gms:play-services-ads-api:24.6.0] AndroidManifest.xml:88:9-92:43
168            android:name="com.google.android.gms.ads.AdService"
168-->[com.google.android.gms:play-services-ads-api:24.6.0] AndroidManifest.xml:89:13-64
169            android:enabled="true"
169-->[com.google.android.gms:play-services-ads-api:24.6.0] AndroidManifest.xml:90:13-35
170            android:exported="false" />
170-->[com.google.android.gms:play-services-ads-api:24.6.0] AndroidManifest.xml:91:13-37
171
172        <activity
172-->[com.google.android.gms:play-services-ads-api:24.6.0] AndroidManifest.xml:94:9-98:43
173            android:name="com.google.android.gms.ads.OutOfContextTestingActivity"
173-->[com.google.android.gms:play-services-ads-api:24.6.0] AndroidManifest.xml:95:13-82
174            android:configChanges="keyboard|keyboardHidden|orientation|screenLayout|uiMode|screenSize|smallestScreenSize"
174-->[com.google.android.gms:play-services-ads-api:24.6.0] AndroidManifest.xml:96:13-122
175            android:exported="false" />
175-->[com.google.android.gms:play-services-ads-api:24.6.0] AndroidManifest.xml:97:13-37
176        <activity
176-->[com.google.android.gms:play-services-ads-api:24.6.0] AndroidManifest.xml:99:9-106:43
177            android:name="com.google.android.gms.ads.NotificationHandlerActivity"
177-->[com.google.android.gms:play-services-ads-api:24.6.0] AndroidManifest.xml:100:13-82
178            android:excludeFromRecents="true"
178-->[com.google.android.gms:play-services-ads-api:24.6.0] AndroidManifest.xml:101:13-46
179            android:exported="false"
179-->[com.google.android.gms:play-services-ads-api:24.6.0] AndroidManifest.xml:102:13-37
180            android:launchMode="singleTask"
180-->[com.google.android.gms:play-services-ads-api:24.6.0] AndroidManifest.xml:103:13-44
181            android:taskAffinity=""
181-->[com.google.android.gms:play-services-ads-api:24.6.0] AndroidManifest.xml:104:13-36
182            android:theme="@android:style/Theme.Translucent.NoTitleBar" />
182-->[com.google.android.gms:play-services-ads-api:24.6.0] AndroidManifest.xml:105:13-72
183
184        <meta-data
184-->[com.google.android.gms:play-services-ads-api:24.6.0] AndroidManifest.xml:108:9-110:36
185            android:name="com.google.android.gms.ads.flag.OPTIMIZE_AD_LOADING"
185-->[com.google.android.gms:play-services-ads-api:24.6.0] AndroidManifest.xml:109:13-79
186            android:value="true" />
186-->[com.google.android.gms:play-services-ads-api:24.6.0] AndroidManifest.xml:110:13-33
187        <meta-data
187-->[com.google.android.gms:play-services-ads-api:24.6.0] AndroidManifest.xml:111:9-113:36
188            android:name="com.google.android.gms.ads.flag.OPTIMIZE_INITIALIZATION"
188-->[com.google.android.gms:play-services-ads-api:24.6.0] AndroidManifest.xml:112:13-83
189            android:value="true" />
189-->[com.google.android.gms:play-services-ads-api:24.6.0] AndroidManifest.xml:113:13-33
190        <meta-data
190-->[com.android.billingclient:billing:7.1.1] AndroidManifest.xml:22:9-24:37
191            android:name="com.google.android.play.billingclient.version"
191-->[com.android.billingclient:billing:7.1.1] AndroidManifest.xml:23:13-73
192            android:value="7.1.1" />
192-->[com.android.billingclient:billing:7.1.1] AndroidManifest.xml:24:13-34
193
194        <activity
194-->[com.android.billingclient:billing:7.1.1] AndroidManifest.xml:26:9-30:75
195            android:name="com.android.billingclient.api.ProxyBillingActivity"
195-->[com.android.billingclient:billing:7.1.1] AndroidManifest.xml:27:13-78
196            android:configChanges="keyboard|keyboardHidden|screenLayout|screenSize|orientation"
196-->[com.android.billingclient:billing:7.1.1] AndroidManifest.xml:28:13-96
197            android:exported="false"
197-->[com.android.billingclient:billing:7.1.1] AndroidManifest.xml:29:13-37
198            android:theme="@android:style/Theme.Translucent.NoTitleBar" />
198-->[com.android.billingclient:billing:7.1.1] AndroidManifest.xml:30:13-72
199        <activity
199-->[com.android.billingclient:billing:7.1.1] AndroidManifest.xml:31:9-35:75
200            android:name="com.android.billingclient.api.ProxyBillingActivityV2"
200-->[com.android.billingclient:billing:7.1.1] AndroidManifest.xml:32:13-80
201            android:configChanges="keyboard|keyboardHidden|screenLayout|screenSize|orientation"
201-->[com.android.billingclient:billing:7.1.1] AndroidManifest.xml:33:13-96
202            android:exported="false"
202-->[com.android.billingclient:billing:7.1.1] AndroidManifest.xml:34:13-37
203            android:theme="@android:style/Theme.Translucent.NoTitleBar" />
203-->[com.android.billingclient:billing:7.1.1] AndroidManifest.xml:35:13-72
204        <activity
204-->[com.google.android.gms:play-services-base:18.5.0] AndroidManifest.xml:5:9-173
205            android:name="com.google.android.gms.common.api.GoogleApiActivity"
205-->[com.google.android.gms:play-services-base:18.5.0] AndroidManifest.xml:5:19-85
206            android:exported="false"
206-->[com.google.android.gms:play-services-base:18.5.0] AndroidManifest.xml:5:146-170
207            android:theme="@android:style/Theme.Translucent.NoTitleBar" />
207-->[com.google.android.gms:play-services-base:18.5.0] AndroidManifest.xml:5:86-145
208
209        <meta-data
209-->[com.google.android.gms:play-services-basement:18.4.0] AndroidManifest.xml:6:9-122
210            android:name="com.google.android.gms.version"
210-->[com.google.android.gms:play-services-basement:18.4.0] AndroidManifest.xml:6:20-65
211            android:value="@integer/google_play_services_version" />
211-->[com.google.android.gms:play-services-basement:18.4.0] AndroidManifest.xml:6:66-119
212
213        <activity
213-->[androidx.compose.ui:ui-tooling-android:1.9.0] AndroidManifest.xml:23:9-25:39
214            android:name="androidx.compose.ui.tooling.PreviewActivity"
214-->[androidx.compose.ui:ui-tooling-android:1.9.0] AndroidManifest.xml:24:13-71
215            android:exported="true" />
215-->[androidx.compose.ui:ui-tooling-android:1.9.0] AndroidManifest.xml:25:13-36
216
217        <uses-library
217-->[androidx.privacysandbox.ads:ads-adservices:1.0.0-beta05] AndroidManifest.xml:23:9-25:40
218            android:name="android.ext.adservices"
218-->[androidx.privacysandbox.ads:ads-adservices:1.0.0-beta05] AndroidManifest.xml:24:13-50
219            android:required="false" />
219-->[androidx.privacysandbox.ads:ads-adservices:1.0.0-beta05] AndroidManifest.xml:25:13-37
220
221        <provider
221-->[androidx.work:work-runtime:2.7.0] AndroidManifest.xml:31:9-39:20
222            android:name="androidx.startup.InitializationProvider"
222-->[androidx.work:work-runtime:2.7.0] AndroidManifest.xml:32:13-67
223            android:authorities="applock.app.androidx-startup"
223-->[androidx.work:work-runtime:2.7.0] AndroidManifest.xml:33:13-68
224            android:exported="false" >
224-->[androidx.work:work-runtime:2.7.0] AndroidManifest.xml:34:13-37
225            <meta-data
225-->[androidx.work:work-runtime:2.7.0] AndroidManifest.xml:36:13-38:52
226                android:name="androidx.work.WorkManagerInitializer"
226-->[androidx.work:work-runtime:2.7.0] AndroidManifest.xml:37:17-68
227                android:value="androidx.startup" />
227-->[androidx.work:work-runtime:2.7.0] AndroidManifest.xml:38:17-49
228            <meta-data
228-->[androidx.emoji2:emoji2:1.4.0] AndroidManifest.xml:29:13-31:52
229                android:name="androidx.emoji2.text.EmojiCompatInitializer"
229-->[androidx.emoji2:emoji2:1.4.0] AndroidManifest.xml:30:17-75
230                android:value="androidx.startup" />
230-->[androidx.emoji2:emoji2:1.4.0] AndroidManifest.xml:31:17-49
231            <meta-data
231-->[androidx.lifecycle:lifecycle-process:2.9.3] AndroidManifest.xml:29:13-31:52
232                android:name="androidx.lifecycle.ProcessLifecycleInitializer"
232-->[androidx.lifecycle:lifecycle-process:2.9.3] AndroidManifest.xml:30:17-78
233                android:value="androidx.startup" />
233-->[androidx.lifecycle:lifecycle-process:2.9.3] AndroidManifest.xml:31:17-49
234            <meta-data
234-->[androidx.profileinstaller:profileinstaller:1.4.0] AndroidManifest.xml:29:13-31:52
235                android:name="androidx.profileinstaller.ProfileInstallerInitializer"
235-->[androidx.profileinstaller:profileinstaller:1.4.0] AndroidManifest.xml:30:17-85
236                android:value="androidx.startup" />
236-->[androidx.profileinstaller:profileinstaller:1.4.0] AndroidManifest.xml:31:17-49
237        </provider>
238
239        <service
239-->[androidx.work:work-runtime:2.7.0] AndroidManifest.xml:41:9-46:35
240            android:name="androidx.work.impl.background.systemalarm.SystemAlarmService"
240-->[androidx.work:work-runtime:2.7.0] AndroidManifest.xml:42:13-88
241            android:directBootAware="false"
241-->[androidx.work:work-runtime:2.7.0] AndroidManifest.xml:43:13-44
242            android:enabled="@bool/enable_system_alarm_service_default"
242-->[androidx.work:work-runtime:2.7.0] AndroidManifest.xml:44:13-72
243            android:exported="false" />
243-->[androidx.work:work-runtime:2.7.0] AndroidManifest.xml:45:13-37
244        <service
244-->[androidx.work:work-runtime:2.7.0] AndroidManifest.xml:47:9-53:35
245            android:name="androidx.work.impl.background.systemjob.SystemJobService"
245-->[androidx.work:work-runtime:2.7.0] AndroidManifest.xml:48:13-84
246            android:directBootAware="false"
246-->[androidx.work:work-runtime:2.7.0] AndroidManifest.xml:49:13-44
247            android:enabled="@bool/enable_system_job_service_default"
247-->[androidx.work:work-runtime:2.7.0] AndroidManifest.xml:50:13-70
248            android:exported="true"
248-->[androidx.work:work-runtime:2.7.0] AndroidManifest.xml:51:13-36
249            android:permission="android.permission.BIND_JOB_SERVICE" />
249-->[androidx.work:work-runtime:2.7.0] AndroidManifest.xml:52:13-69
250        <service
250-->[androidx.work:work-runtime:2.7.0] AndroidManifest.xml:54:9-59:35
251            android:name="androidx.work.impl.foreground.SystemForegroundService"
251-->[androidx.work:work-runtime:2.7.0] AndroidManifest.xml:55:13-81
252            android:directBootAware="false"
252-->[androidx.work:work-runtime:2.7.0] AndroidManifest.xml:56:13-44
253            android:enabled="@bool/enable_system_foreground_service_default"
253-->[androidx.work:work-runtime:2.7.0] AndroidManifest.xml:57:13-77
254            android:exported="false" />
254-->[androidx.work:work-runtime:2.7.0] AndroidManifest.xml:58:13-37
255
256        <receiver
256-->[androidx.work:work-runtime:2.7.0] AndroidManifest.xml:61:9-66:35
257            android:name="androidx.work.impl.utils.ForceStopRunnable$BroadcastReceiver"
257-->[androidx.work:work-runtime:2.7.0] AndroidManifest.xml:62:13-88
258            android:directBootAware="false"
258-->[androidx.work:work-runtime:2.7.0] AndroidManifest.xml:63:13-44
259            android:enabled="true"
259-->[androidx.work:work-runtime:2.7.0] AndroidManifest.xml:64:13-35
260            android:exported="false" />
260-->[androidx.work:work-runtime:2.7.0] AndroidManifest.xml:65:13-37
261        <receiver
261-->[androidx.work:work-runtime:2.7.0] AndroidManifest.xml:67:9-77:20
262            android:name="androidx.work.impl.background.systemalarm.ConstraintProxy$BatteryChargingProxy"
262-->[androidx.work:work-runtime:2.7.0] AndroidManifest.xml:68:13-106
263            android:directBootAware="false"
263-->[androidx.work:work-runtime:2.7.0] AndroidManifest.xml:69:13-44
264            android:enabled="false"
264-->[androidx.work:work-runtime:2.7.0] AndroidManifest.xml:70:13-36
265            android:exported="false" >
265-->[androidx.work:work-runtime:2.7.0] AndroidManifest.xml:71:13-37
266            <intent-filter>
266-->[androidx.work:work-runtime:2.7.0] AndroidManifest.xml:73:13-76:29
267                <action android:name="android.intent.action.ACTION_POWER_CONNECTED" />
267-->[androidx.work:work-runtime:2.7.0] AndroidManifest.xml:74:17-87
267-->[androidx.work:work-runtime:2.7.0] AndroidManifest.xml:74:25-84
268                <action android:name="android.intent.action.ACTION_POWER_DISCONNECTED" />
268-->[androidx.work:work-runtime:2.7.0] AndroidManifest.xml:75:17-90
268-->[androidx.work:work-runtime:2.7.0] AndroidManifest.xml:75:25-87
269            </intent-filter>
270        </receiver>
271        <receiver
271-->[androidx.work:work-runtime:2.7.0] AndroidManifest.xml:78:9-88:20
272            android:name="androidx.work.impl.background.systemalarm.ConstraintProxy$BatteryNotLowProxy"
272-->[androidx.work:work-runtime:2.7.0] AndroidManifest.xml:79:13-104
273            android:directBootAware="false"
273-->[androidx.work:work-runtime:2.7.0] AndroidManifest.xml:80:13-44
274            android:enabled="false"
274-->[androidx.work:work-runtime:2.7.0] AndroidManifest.xml:81:13-36
275            android:exported="false" >
275-->[androidx.work:work-runtime:2.7.0] AndroidManifest.xml:82:13-37
276            <intent-filter>
276-->[androidx.work:work-runtime:2.7.0] AndroidManifest.xml:84:13-87:29
277                <action android:name="android.intent.action.BATTERY_OKAY" />
277-->[androidx.work:work-runtime:2.7.0] AndroidManifest.xml:85:17-77
277-->[androidx.work:work-runtime:2.7.0] AndroidManifest.xml:85:25-74
278                <action android:name="android.intent.action.BATTERY_LOW" />
278-->[androidx.work:work-runtime:2.7.0] AndroidManifest.xml:86:17-76
278-->[androidx.work:work-runtime:2.7.0] AndroidManifest.xml:86:25-73
279            </intent-filter>
280        </receiver>
281        <receiver
281-->[androidx.work:work-runtime:2.7.0] AndroidManifest.xml:89:9-99:20
282            android:name="androidx.work.impl.background.systemalarm.ConstraintProxy$StorageNotLowProxy"
282-->[androidx.work:work-runtime:2.7.0] AndroidManifest.xml:90:13-104